2024-09-19 13:13:37 - o.h.validator.internal.util.Version - HV000001: Hibernate Validator 8.0.1.Final
2024-09-19 13:13:37 - com.jobs.Application - Starting Application using Java 17.0.11 with PID 10744 (D:\Projects\com.jobs\target\classes started by shaha in D:\Projects\com.jobs)
2024-09-19 13:13:37 - com.jobs.Application - The following 1 profile is active: "dev"
2024-09-19 13:13:40 - o.s.d.r.c.RepositoryConfigurationDelegate - Bootstrapping Spring Data JPA repositories in DEFAULT mode.
2024-09-19 13:13:40 - o.s.d.r.c.RepositoryConfigurationDelegate - Finished Spring Data repository scanning in 214 ms. Found 8 JPA repository interfaces.
2024-09-19 13:13:42 - o.s.b.w.e.tomcat.TomcatWebServer - Tomcat initialized with port 8081 (http)
2024-09-19 13:13:42 - o.a.coyote.http11.Http11NioProtocol - Initializing ProtocolHandler ["http-nio-8081"]
2024-09-19 13:13:42 - o.a.catalina.core.StandardService - Starting service [Tomcat]
2024-09-19 13:13:42 - o.a.catalina.core.StandardEngine - Starting Servlet engine: [Apache Tomcat/10.1.25]
2024-09-19 13:13:42 - o.a.c.c.C.[Tomcat].[localhost].[/] - Initializing Spring embedded WebApplicationContext
2024-09-19 13:13:42 - o.s.b.w.s.c.ServletWebServerApplicationContext - Root WebApplicationContext: initialization completed in 4533 ms
2024-09-19 13:13:43 - o.h.jpa.internal.util.LogHelper - HHH000204: Processing PersistenceUnitInfo [name: default]
2024-09-19 13:13:43 - org.hibernate.Version - HHH000412: Hibernate ORM core version 6.5.2.Final
2024-09-19 13:13:43 - o.h.c.i.RegionFactoryInitiator - HHH000026: Second-level cache disabled
2024-09-19 13:13:44 - o.s.o.j.p.SpringPersistenceUnitInfo - No LoadTimeWeaver setup: ignoring JPA class transformer
2024-09-19 13:13:44 - com.zaxxer.hikari.HikariDataSource - HikariPool-1 - Starting...
2024-09-19 13:13:46 - com.zaxxer.hikari.pool.HikariPool - HikariPool-1 - Added connection com.mysql.cj.jdbc.ConnectionImpl@23df7fad
2024-09-19 13:13:46 - com.zaxxer.hikari.HikariDataSource - HikariPool-1 - Start completed.
2024-09-19 13:13:50 - o.h.e.t.j.p.i.JtaPlatformInitiator - HHH000489: No JTA platform available (set 'hibernate.transaction.jta.platform' to enable JTA platform integration)
2024-09-19 13:13:50 - o.s.o.j.LocalContainerEntityManagerFactoryBean - Initialized JPA EntityManagerFactory for persistence unit 'default'
2024-09-19 13:13:52 - o.s.b.f.a.AutowiredAnnotationBeanPostProcessor - Autowired annotation is not supported on static fields: private static com.jobs.helper com.jobs.Main.help1
2024-09-19 13:13:52 - o.s.b.a.o.j.JpaBaseConfiguration$JpaWebConfiguration - spring.jpa.open-in-view is enabled by default. Therefore, database queries may be performed during view rendering. Explicitly configure spring.jpa.open-in-view to disable this warning
2024-09-19 13:13:52 - o.s.b.a.s.s.UserDetailsServiceAutoConfiguration - 

Using generated security password: 0d2e8826-0f9a-48ff-8db4-81b6ee52b57f

This generated password is for development use only. Your security configuration must be updated before running your application in production.

2024-09-19 13:13:52 - o.s.s.c.a.a.c.InitializeUserDetailsBeanManagerConfigurer$InitializeUserDetailsManagerConfigurer - Global AuthenticationManager configured with UserDetailsService bean with name inMemoryUserDetailsManager
2024-09-19 13:13:54 - o.a.coyote.http11.Http11NioProtocol - Starting ProtocolHandler ["http-nio-8081"]
2024-09-19 13:13:54 - o.s.b.w.e.tomcat.TomcatWebServer - Tomcat started on port 8081 (http) with context path '/'
2024-09-19 13:13:54 - com.jobs.Application - Started Application in 18.236 seconds (process running for 19.533)
2024-09-19 13:13:54 - com.jobs.helper - removing expired login tokens
2024-09-19 13:13:55 - com.jobs.helper - removing expired login tokens
2024-09-19 13:13:56 - com.jobs.helper - removing expired login tokens
2024-09-19 13:13:57 - com.jobs.helper - removing expired login tokens
2024-09-19 13:13:58 - com.jobs.helper - removing expired login tokens
2024-09-19 13:13:59 - com.jobs.helper - removing expired login tokens
2024-09-19 13:14:00 - com.jobs.helper - removing expired login tokens
2024-09-19 13:14:01 - com.jobs.helper - removing expired login tokens
2024-09-19 13:14:02 - com.jobs.helper - removing expired login tokens
2024-09-19 13:14:03 - com.jobs.helper - removing expired login tokens
2024-09-19 13:14:04 - com.jobs.helper - removing expired login tokens
2024-09-19 13:14:05 - com.jobs.helper - removing expired login tokens
2024-09-19 13:14:06 - com.jobs.helper - removing expired login tokens
2024-09-19 13:14:07 - com.jobs.helper - removing expired login tokens
2024-09-19 13:14:08 - com.jobs.helper - removing expired login tokens
2024-09-19 13:14:09 - com.jobs.helper - removing expired login tokens
2024-09-19 13:14:10 - com.jobs.helper - removing expired login tokens
2024-09-19 13:14:11 - com.jobs.helper - removing expired login tokens
2024-09-19 13:14:12 - com.jobs.helper - removing expired login tokens
2024-09-19 13:14:13 - com.jobs.helper - removing expired login tokens
2024-09-19 13:14:14 - com.jobs.helper - removing expired login tokens
2024-09-19 13:14:15 - com.jobs.helper - removing expired login tokens
2024-09-19 13:14:16 - com.jobs.helper - removing expired login tokens
2024-09-19 13:14:17 - com.jobs.helper - removing expired login tokens
2024-09-19 13:14:18 - com.jobs.helper - removing expired login tokens
2024-09-19 13:14:19 - com.jobs.helper - removing expired login tokens
2024-09-19 13:14:20 - com.jobs.helper - removing expired login tokens
2024-09-19 13:14:21 - com.jobs.helper - removing expired login tokens
2024-09-19 13:14:21 - o.s.o.j.LocalContainerEntityManagerFactoryBean - Closing JPA EntityManagerFactory for persistence unit 'default'
2024-09-19 13:14:21 - com.zaxxer.hikari.HikariDataSource - HikariPool-1 - Shutdown initiated...
2024-09-19 13:14:21 - com.zaxxer.hikari.HikariDataSource - HikariPool-1 - Shutdown completed.
2024-09-19 13:24:16 - o.h.validator.internal.util.Version - HV000001: Hibernate Validator 8.0.1.Final
2024-09-19 13:24:16 - com.jobs.Application - Starting Application using Java 17.0.11 with PID 12344 (D:\Projects\com.jobs\target\classes started by shaha in D:\Projects\com.jobs)
2024-09-19 13:24:16 - com.jobs.Application - The following 1 profile is active: "dev"
2024-09-19 13:24:17 - o.s.d.r.c.RepositoryConfigurationDelegate - Bootstrapping Spring Data JPA repositories in DEFAULT mode.
2024-09-19 13:24:18 - o.s.d.r.c.RepositoryConfigurationDelegate - Finished Spring Data repository scanning in 188 ms. Found 8 JPA repository interfaces.
2024-09-19 13:24:19 - o.s.b.w.e.tomcat.TomcatWebServer - Tomcat initialized with port 8081 (http)
2024-09-19 13:24:19 - o.a.coyote.http11.Http11NioProtocol - Initializing ProtocolHandler ["http-nio-8081"]
2024-09-19 13:24:19 - o.a.catalina.core.StandardService - Starting service [Tomcat]
2024-09-19 13:24:19 - o.a.catalina.core.StandardEngine - Starting Servlet engine: [Apache Tomcat/10.1.25]
2024-09-19 13:24:19 - o.a.c.c.C.[Tomcat].[localhost].[/] - Initializing Spring embedded WebApplicationContext
2024-09-19 13:24:19 - o.s.b.w.s.c.ServletWebServerApplicationContext - Root WebApplicationContext: initialization completed in 3308 ms
2024-09-19 13:24:20 - o.h.jpa.internal.util.LogHelper - HHH000204: Processing PersistenceUnitInfo [name: default]
2024-09-19 13:24:20 - org.hibernate.Version - HHH000412: Hibernate ORM core version 6.5.2.Final
2024-09-19 13:24:20 - o.h.c.i.RegionFactoryInitiator - HHH000026: Second-level cache disabled
2024-09-19 13:24:20 - o.s.o.j.p.SpringPersistenceUnitInfo - No LoadTimeWeaver setup: ignoring JPA class transformer
2024-09-19 13:24:21 - com.zaxxer.hikari.HikariDataSource - HikariPool-1 - Starting...
2024-09-19 13:24:21 - com.zaxxer.hikari.pool.HikariPool - HikariPool-1 - Added connection com.mysql.cj.jdbc.ConnectionImpl@6697f3d
2024-09-19 13:24:21 - com.zaxxer.hikari.HikariDataSource - HikariPool-1 - Start completed.
2024-09-19 13:24:23 - o.h.e.t.j.p.i.JtaPlatformInitiator - HHH000489: No JTA platform available (set 'hibernate.transaction.jta.platform' to enable JTA platform integration)
2024-09-19 13:24:24 - o.s.o.j.LocalContainerEntityManagerFactoryBean - Initialized JPA EntityManagerFactory for persistence unit 'default'
2024-09-19 13:24:25 - o.s.b.f.a.AutowiredAnnotationBeanPostProcessor - Autowired annotation is not supported on static fields: private static com.jobs.helper com.jobs.Main.help1
2024-09-19 13:24:25 - o.s.b.a.o.j.JpaBaseConfiguration$JpaWebConfiguration - spring.jpa.open-in-view is enabled by default. Therefore, database queries may be performed during view rendering. Explicitly configure spring.jpa.open-in-view to disable this warning
2024-09-19 13:24:25 - o.s.b.a.s.s.UserDetailsServiceAutoConfiguration - 

Using generated security password: e395287d-8aef-41d8-b7ca-4df5bc64de01

This generated password is for development use only. Your security configuration must be updated before running your application in production.

2024-09-19 13:24:25 - o.s.s.c.a.a.c.InitializeUserDetailsBeanManagerConfigurer$InitializeUserDetailsManagerConfigurer - Global AuthenticationManager configured with UserDetailsService bean with name inMemoryUserDetailsManager
2024-09-19 13:24:26 - o.a.coyote.http11.Http11NioProtocol - Starting ProtocolHandler ["http-nio-8081"]
2024-09-19 13:24:26 - o.s.b.w.e.tomcat.TomcatWebServer - Tomcat started on port 8081 (http) with context path '/'
2024-09-19 13:24:26 - com.jobs.Application - Started Application in 11.033 seconds (process running for 11.919)
2024-09-19 13:24:26 - com.jobs.helper - removing expired login tokens
2024-09-19 13:24:27 - com.jobs.helper - removing expired login tokens
2024-09-19 13:24:28 - com.jobs.helper - removing expired login tokens
2024-09-19 13:24:29 - com.jobs.helper - removing expired login tokens
2024-09-19 13:24:30 - com.jobs.helper - removing expired login tokens
2024-09-19 13:24:31 - com.jobs.helper - removing expired login tokens
2024-09-19 13:24:32 - com.jobs.helper - removing expired login tokens
2024-09-19 13:24:33 - o.a.c.c.C.[Tomcat].[localhost].[/] - Initializing Spring DispatcherServlet 'dispatcherServlet'
2024-09-19 13:24:33 - o.s.web.servlet.DispatcherServlet - Initializing Servlet 'dispatcherServlet'
2024-09-19 13:24:33 - o.s.web.servlet.DispatcherServlet - Completed initialization in 7 ms
2024-09-19 13:24:33 - com.jobs.helper - removing expired login tokens
2024-09-19 13:24:34 - com.jobs.helper - removing expired login tokens
2024-09-19 13:24:35 - com.jobs.helper - removing expired login tokens
2024-09-19 13:24:36 - com.jobs.helper - removing expired login tokens
2024-09-19 13:24:37 - com.jobs.helper - removing expired login tokens
2024-09-19 13:24:38 - com.jobs.helper - removing expired login tokens
2024-09-19 13:24:39 - com.jobs.helper - removing expired login tokens
2024-09-19 13:24:40 - com.jobs.helper - removing expired login tokens
2024-09-19 13:24:41 - com.jobs.helper - removing expired login tokens
2024-09-19 13:24:42 - com.jobs.helper - removing expired login tokens
2024-09-19 13:24:43 - com.jobs.helper - removing expired login tokens
2024-09-19 13:24:44 - com.jobs.helper - removing expired login tokens
2024-09-19 13:24:45 - com.jobs.helper - removing expired login tokens
2024-09-19 13:24:46 - com.jobs.helper - removing expired login tokens
2024-09-19 13:24:47 - com.jobs.helper - removing expired login tokens
2024-09-19 13:24:48 - com.jobs.helper - removing expired login tokens
2024-09-19 13:24:49 - com.jobs.helper - removing expired login tokens
2024-09-19 13:24:50 - com.jobs.helper - removing expired login tokens
2024-09-19 13:24:51 - com.jobs.helper - removing expired login tokens
2024-09-19 13:24:52 - com.jobs.helper - removing expired login tokens
2024-09-19 13:24:53 - com.jobs.helper - removing expired login tokens
2024-09-19 13:24:54 - com.jobs.helper - removing expired login tokens
2024-09-19 13:24:55 - com.jobs.helper - removing expired login tokens
2024-09-19 13:24:56 - com.jobs.helper - removing expired login tokens
2024-09-19 13:24:57 - com.jobs.helper - removing expired login tokens
2024-09-19 13:24:58 - com.jobs.helper - removing expired login tokens
2024-09-19 13:24:59 - com.jobs.helper - removing expired login tokens
2024-09-19 13:25:00 - com.jobs.helper - removing expired login tokens
2024-09-19 13:25:01 - com.jobs.helper - removing expired login tokens
2024-09-19 13:25:02 - com.jobs.helper - removing expired login tokens
2024-09-19 13:25:03 - com.jobs.helper - removing expired login tokens
2024-09-19 13:25:04 - com.jobs.helper - removing expired login tokens
2024-09-19 13:25:05 - com.jobs.helper - removing expired login tokens
2024-09-19 13:25:06 - com.jobs.helper - removing expired login tokens
2024-09-19 13:25:07 - com.jobs.helper - removing expired login tokens
2024-09-19 13:25:08 - com.jobs.helper - removing expired login tokens
2024-09-19 13:25:09 - com.jobs.helper - removing expired login tokens
2024-09-19 13:25:10 - com.jobs.helper - removing expired login tokens
2024-09-19 13:25:11 - com.jobs.helper - removing expired login tokens
2024-09-19 13:25:12 - com.jobs.helper - removing expired login tokens
2024-09-19 13:25:13 - com.jobs.helper - removing expired login tokens
2024-09-19 13:25:14 - com.jobs.helper - removing expired login tokens
2024-09-19 13:25:15 - com.jobs.helper - removing expired login tokens
2024-09-19 13:25:16 - com.jobs.helper - removing expired login tokens
2024-09-19 13:25:17 - com.jobs.helper - removing expired login tokens
2024-09-19 13:25:18 - com.jobs.helper - removing expired login tokens
2024-09-19 13:25:19 - com.jobs.helper - removing expired login tokens
2024-09-19 13:25:20 - com.jobs.helper - removing expired login tokens
2024-09-19 13:25:21 - com.jobs.helper - removing expired login tokens
2024-09-19 13:25:22 - com.jobs.helper - removing expired login tokens
2024-09-19 13:25:23 - com.jobs.helper - removing expired login tokens
2024-09-19 13:25:24 - com.jobs.helper - removing expired login tokens
2024-09-19 13:25:25 - com.jobs.helper - removing expired login tokens
2024-09-19 13:25:26 - com.jobs.helper - removing expired login tokens
2024-09-19 13:25:27 - com.jobs.helper - removing expired login tokens
2024-09-19 13:25:28 - com.jobs.helper - removing expired login tokens
2024-09-19 13:25:29 - com.jobs.helper - removing expired login tokens
2024-09-19 13:25:30 - com.jobs.helper - removing expired login tokens
2024-09-19 13:25:31 - com.jobs.helper - removing expired login tokens
2024-09-19 13:25:32 - com.jobs.helper - removing expired login tokens
2024-09-19 13:25:33 - com.jobs.helper - removing expired login tokens
2024-09-19 13:25:34 - com.jobs.helper - removing expired login tokens
2024-09-19 13:25:35 - com.jobs.helper - removing expired login tokens
2024-09-19 13:25:36 - com.jobs.helper - removing expired login tokens
2024-09-19 13:25:37 - com.jobs.helper - removing expired login tokens
2024-09-19 13:25:38 - com.jobs.helper - removing expired login tokens
2024-09-19 13:25:39 - com.jobs.helper - removing expired login tokens
2024-09-19 13:25:40 - com.jobs.helper - removing expired login tokens
2024-09-19 13:25:41 - com.jobs.helper - removing expired login tokens
2024-09-19 13:25:42 - com.jobs.helper - removing expired login tokens
2024-09-19 13:25:43 - com.jobs.helper - removing expired login tokens
2024-09-19 13:25:44 - com.jobs.helper - removing expired login tokens
2024-09-19 13:25:45 - com.jobs.helper - removing expired login tokens
2024-09-19 13:25:46 - com.jobs.helper - removing expired login tokens
2024-09-19 13:25:47 - com.jobs.helper - removing expired login tokens
2024-09-19 13:25:48 - com.jobs.helper - removing expired login tokens
2024-09-19 13:25:49 - com.jobs.helper - removing expired login tokens
2024-09-19 13:25:50 - com.jobs.helper - removing expired login tokens
2024-09-19 13:25:51 - com.jobs.helper - removing expired login tokens
2024-09-19 13:25:52 - com.jobs.helper - removing expired login tokens
2024-09-19 13:25:53 - com.jobs.helper - removing expired login tokens
2024-09-19 13:25:54 - com.jobs.helper - removing expired login tokens
2024-09-19 13:25:55 - com.jobs.helper - removing expired login tokens
2024-09-19 13:25:55 - com.jobs.helper - preparing to send verification email to pitisok742@asaud.com
2024-09-19 13:25:56 - com.jobs.helper - removing expired login tokens
2024-09-19 13:25:57 - com.jobs.helper - removing expired login tokens
2024-09-19 13:25:58 - com.jobs.helper - removing expired login tokens
2024-09-19 13:25:59 - com.jobs.helper - removing expired login tokens
2024-09-19 13:26:00 - com.jobs.helper - removing expired login tokens
2024-09-19 13:26:01 - com.jobs.helper - removing expired login tokens
2024-09-19 13:26:02 - com.jobs.helper - removing expired login tokens
2024-09-19 13:26:03 - com.jobs.helper - removing expired login tokens
2024-09-19 13:26:04 - com.jobs.helper - removing expired login tokens
2024-09-19 13:26:05 - com.jobs.helper - removing expired login tokens
2024-09-19 13:26:06 - com.jobs.helper - removing expired login tokens
2024-09-19 13:26:07 - com.jobs.helper - verification email sent to pitisok742@asaud.com
2024-09-19 13:26:07 - com.jobs.helper - removing expired login tokens
2024-09-19 13:26:08 - com.jobs.helper - removing expired login tokens
2024-09-19 13:26:09 - com.jobs.helper - removing expired login tokens
2024-09-19 13:26:10 - com.jobs.helper - removing expired login tokens
2024-09-19 13:26:11 - com.jobs.helper - removing expired login tokens
2024-09-19 13:26:12 - com.jobs.helper - removing expired login tokens
2024-09-19 13:26:13 - com.jobs.helper - removing expired login tokens
2024-09-19 13:26:14 - com.jobs.helper - removing expired login tokens
2024-09-19 13:26:15 - com.jobs.helper - removing expired login tokens
2024-09-19 13:26:16 - com.jobs.helper - removing expired login tokens
2024-09-19 13:26:17 - com.jobs.helper - removing expired login tokens
2024-09-19 13:26:18 - com.jobs.helper - removing expired login tokens
2024-09-19 13:26:19 - com.jobs.helper - removing expired login tokens
2024-09-19 13:26:20 - com.jobs.helper - removing expired login tokens
2024-09-19 13:26:21 - com.jobs.helper - removing expired login tokens
2024-09-19 13:26:22 - com.jobs.helper - removing expired login tokens
2024-09-19 13:26:23 - com.jobs.helper - removing expired login tokens
2024-09-19 13:26:24 - com.jobs.helper - removing expired login tokens
2024-09-19 13:26:25 - com.jobs.helper - removing expired login tokens
2024-09-19 13:26:26 - com.jobs.helper - removing expired login tokens
2024-09-19 13:26:27 - com.jobs.helper - removing expired login tokens
2024-09-19 13:26:28 - com.jobs.helper - removing expired login tokens
2024-09-19 13:26:29 - com.jobs.helper - removing expired login tokens
2024-09-19 13:26:30 - com.jobs.helper - removing expired login tokens
2024-09-19 13:26:31 - com.jobs.helper - removing expired login tokens
2024-09-19 13:26:32 - com.jobs.helper - removing expired login tokens
2024-09-19 13:26:33 - com.jobs.helper - removing expired login tokens
2024-09-19 13:26:34 - com.jobs.helper - removing expired login tokens
2024-09-19 13:26:35 - com.jobs.helper - removing expired login tokens
2024-09-19 13:26:36 - com.jobs.helper - removing expired login tokens
2024-09-19 13:26:37 - com.jobs.helper - removing expired login tokens
2024-09-19 13:26:38 - com.jobs.helper - removing expired login tokens
2024-09-19 13:26:39 - com.jobs.helper - removing expired login tokens
2024-09-19 13:26:40 - com.jobs.helper - removing expired login tokens
2024-09-19 13:26:41 - com.jobs.helper - removing expired login tokens
2024-09-19 13:26:42 - com.jobs.helper - removing expired login tokens
2024-09-19 13:26:43 - com.jobs.helper - removing expired login tokens
2024-09-19 13:26:44 - com.jobs.helper - removing expired login tokens
2024-09-19 13:26:45 - com.jobs.helper - removing expired login tokens
2024-09-19 13:26:46 - com.jobs.helper - removing expired login tokens
2024-09-19 13:26:47 - com.jobs.helper - removing expired login tokens
2024-09-19 13:26:48 - com.jobs.helper - removing expired login tokens
2024-09-19 13:26:49 - com.jobs.helper - removing expired login tokens
2024-09-19 13:26:50 - com.jobs.helper - removing expired login tokens
2024-09-19 13:26:51 - com.jobs.helper - preparing to send verification email to shahabrar7746@gmail.com
2024-09-19 13:26:51 - com.jobs.helper - removing expired login tokens
2024-09-19 13:26:52 - com.jobs.helper - removing expired login tokens
2024-09-19 13:26:53 - com.jobs.helper - removing expired login tokens
2024-09-19 13:26:54 - com.jobs.helper - removing expired login tokens
2024-09-19 13:26:55 - com.jobs.helper - removing expired login tokens
2024-09-19 13:26:56 - com.jobs.helper - removing expired login tokens
2024-09-19 13:26:57 - com.jobs.helper - removing expired login tokens
2024-09-19 13:26:58 - com.jobs.helper - removing expired login tokens
2024-09-19 13:26:59 - com.jobs.helper - removing expired login tokens
2024-09-19 13:27:00 - com.jobs.helper - removing expired login tokens
2024-09-19 13:27:00 - com.jobs.helper - verification email sent to shahabrar7746@gmail.com
2024-09-19 13:27:01 - com.jobs.helper - removing expired login tokens
2024-09-19 13:27:02 - com.jobs.helper - removing expired login tokens
2024-09-19 13:27:03 - com.jobs.helper - removing expired login tokens
2024-09-19 13:27:04 - com.jobs.helper - removing expired login tokens
2024-09-19 13:27:05 - com.jobs.helper - removing expired login tokens
2024-09-19 13:27:06 - com.jobs.helper - removing expired login tokens
2024-09-19 13:27:07 - com.jobs.helper - removing expired login tokens
2024-09-19 13:27:08 - com.jobs.helper - removing expired login tokens
2024-09-19 13:27:09 - com.jobs.helper - removing expired login tokens
2024-09-19 13:27:10 - com.jobs.helper - removing expired login tokens
2024-09-19 13:27:11 - com.jobs.helper - removing expired login tokens
2024-09-19 13:27:12 - com.jobs.helper - removing expired login tokens
2024-09-19 13:27:13 - com.jobs.helper - removing expired login tokens
2024-09-19 13:27:14 - com.jobs.helper - removing expired login tokens
2024-09-19 13:27:15 - com.jobs.helper - removing expired login tokens
2024-09-19 13:27:16 - com.jobs.helper - removing expired login tokens
2024-09-19 13:27:17 - com.jobs.helper - removing expired login tokens
2024-09-19 13:27:18 - com.jobs.helper - removing expired login tokens
2024-09-19 13:27:19 - com.jobs.helper - removing expired login tokens
2024-09-19 13:27:20 - com.jobs.helper - removing expired login tokens
2024-09-19 13:27:21 - com.jobs.helper - removing expired login tokens
2024-09-19 13:27:22 - com.jobs.helper - removing expired login tokens
2024-09-19 13:27:23 - com.jobs.helper - removing expired login tokens
2024-09-19 13:27:24 - com.jobs.helper - removing expired login tokens
2024-09-19 13:27:25 - com.jobs.helper - removing expired login tokens
2024-09-19 13:27:26 - com.jobs.helper - removing expired login tokens
2024-09-19 13:27:27 - com.jobs.helper - removing expired login tokens
2024-09-19 13:27:28 - com.jobs.helper - removing expired login tokens
2024-09-19 13:27:29 - com.jobs.helper - removing expired login tokens
2024-09-19 13:27:30 - com.jobs.helper - removing expired login tokens
2024-09-19 13:27:31 - com.jobs.helper - removing expired login tokens
2024-09-19 13:27:32 - com.jobs.helper - removing expired login tokens
2024-09-19 13:27:33 - com.jobs.helper - removing expired login tokens
2024-09-19 13:27:34 - com.jobs.helper - removing expired login tokens
2024-09-19 13:27:35 - com.jobs.helper - removing expired login tokens
2024-09-19 13:27:36 - com.jobs.helper - removing expired login tokens
2024-09-19 13:27:37 - com.jobs.helper - removing expired login tokens
2024-09-19 13:27:38 - com.jobs.helper - removing expired login tokens
2024-09-19 13:27:39 - com.jobs.helper - removing expired login tokens
2024-09-19 13:27:40 - com.jobs.helper - removing expired login tokens
2024-09-19 13:27:41 - com.jobs.helper - removing expired login tokens
2024-09-19 13:27:42 - com.jobs.helper - removing expired login tokens
2024-09-19 13:27:43 - com.jobs.helper - removing expired login tokens
2024-09-19 13:27:44 - com.jobs.helper - removing expired login tokens
2024-09-19 13:27:45 - com.jobs.helper - removing expired login tokens
2024-09-19 13:27:46 - com.jobs.helper - removing expired login tokens
2024-09-19 13:27:47 - com.jobs.helper - removing expired login tokens
2024-09-19 13:27:48 - com.jobs.helper - removing expired login tokens
2024-09-19 13:27:49 - com.jobs.helper - removing expired login tokens
2024-09-19 13:27:50 - com.jobs.helper - removing expired login tokens
2024-09-19 13:27:51 - com.jobs.helper - removing expired login tokens
2024-09-19 13:27:52 - com.jobs.helper - removing expired login tokens
2024-09-19 13:27:53 - com.jobs.helper - removing expired login tokens
2024-09-19 13:27:54 - com.jobs.helper - removing expired login tokens
2024-09-19 13:27:55 - com.jobs.helper - removing expired login tokens
2024-09-19 13:27:56 - com.jobs.helper - removing expired login tokens
2024-09-19 13:27:57 - com.jobs.helper - removing expired login tokens
2024-09-19 13:27:58 - com.jobs.helper - removing expired login tokens
2024-09-19 13:27:59 - com.jobs.helper - removing expired login tokens
2024-09-19 13:28:00 - com.jobs.helper - removing expired login tokens
2024-09-19 13:28:01 - com.jobs.helper - removing expired login tokens
2024-09-19 13:28:02 - com.jobs.helper - removing expired login tokens
2024-09-19 13:28:03 - com.jobs.helper - removing expired login tokens
2024-09-19 13:28:04 - com.jobs.helper - removing expired login tokens
2024-09-19 13:28:05 - com.jobs.helper - removing expired login tokens
2024-09-19 13:28:06 - com.jobs.helper - removing expired login tokens
2024-09-19 13:28:07 - com.jobs.helper - removing expired login tokens
2024-09-19 13:28:08 - com.jobs.helper - removing expired login tokens
2024-09-19 13:28:09 - com.jobs.helper - removing expired login tokens
2024-09-19 13:28:10 - com.jobs.helper - removing expired login tokens
2024-09-19 13:28:11 - com.jobs.helper - removing expired login tokens
2024-09-19 13:28:12 - com.jobs.helper - removing expired login tokens
2024-09-19 13:28:13 - com.jobs.helper - removing expired login tokens
2024-09-19 13:28:14 - com.jobs.helper - removing expired login tokens
2024-09-19 13:28:15 - com.jobs.helper - removing expired login tokens
2024-09-19 13:28:16 - com.jobs.helper - removing expired login tokens
2024-09-19 13:28:17 - com.jobs.helper - removing expired login tokens
2024-09-19 13:28:18 - com.jobs.helper - removing expired login tokens
2024-09-19 13:28:19 - com.jobs.helper - removing expired login tokens
2024-09-19 13:28:20 - com.jobs.helper - removing expired login tokens
2024-09-19 13:28:21 - com.jobs.helper - removing expired login tokens
2024-09-19 13:28:22 - com.jobs.helper - removing expired login tokens
2024-09-19 13:28:23 - com.jobs.helper - removing expired login tokens
2024-09-19 13:28:24 - com.jobs.helper - removing expired login tokens
2024-09-19 13:28:25 - com.jobs.helper - removing expired login tokens
2024-09-19 13:28:26 - com.jobs.helper - removing expired login tokens
2024-09-19 13:28:27 - com.jobs.helper - removing expired login tokens
2024-09-19 13:28:28 - com.jobs.helper - removing expired login tokens
2024-09-19 13:28:29 - com.jobs.helper - removing expired login tokens
2024-09-19 13:28:30 - com.jobs.helper - removing expired login tokens
2024-09-19 13:28:31 - com.jobs.helper - removing expired login tokens
2024-09-19 13:28:32 - com.jobs.helper - removing expired login tokens
2024-09-19 13:28:33 - com.jobs.helper - removing expired login tokens
2024-09-19 13:28:34 - com.jobs.helper - removing expired login tokens
2024-09-19 13:28:35 - com.jobs.helper - removing expired login tokens
2024-09-19 13:28:36 - com.jobs.helper - removing expired login tokens
2024-09-19 13:28:37 - com.jobs.helper - removing expired login tokens
2024-09-19 13:28:38 - com.jobs.helper - removing expired login tokens
2024-09-19 13:28:39 - com.jobs.helper - removing expired login tokens
2024-09-19 13:28:40 - com.jobs.helper - removing expired login tokens
2024-09-19 13:28:41 - com.jobs.helper - removing expired login tokens
2024-09-19 13:28:42 - com.jobs.helper - removing expired login tokens
2024-09-19 13:28:43 - com.jobs.helper - removing expired login tokens
2024-09-19 13:28:44 - com.jobs.helper - removing expired login tokens
2024-09-19 13:28:45 - com.jobs.helper - removing expired login tokens
2024-09-19 13:28:46 - com.jobs.helper - removing expired login tokens
2024-09-19 13:28:47 - com.jobs.helper - removing expired login tokens
2024-09-19 13:28:48 - com.jobs.helper - removing expired login tokens
2024-09-19 13:28:49 - com.jobs.helper - removing expired login tokens
2024-09-19 13:28:50 - com.jobs.helper - removing expired login tokens
2024-09-19 13:28:51 - com.jobs.helper - removing expired login tokens
2024-09-19 13:28:52 - com.jobs.helper - removing expired login tokens
2024-09-19 13:28:53 - com.jobs.helper - removing expired login tokens
2024-09-19 13:28:54 - com.jobs.helper - removing expired login tokens
2024-09-19 13:28:55 - com.jobs.helper - removing expired login tokens
2024-09-19 13:28:56 - com.jobs.helper - removing expired login tokens
2024-09-19 13:28:57 - com.jobs.helper - removing expired login tokens
2024-09-19 13:28:58 - com.jobs.helper - removing expired login tokens
2024-09-19 13:28:59 - com.jobs.helper - removing expired login tokens
2024-09-19 13:29:00 - com.jobs.helper - removing expired login tokens
2024-09-19 13:29:01 - com.jobs.helper - removing expired login tokens
2024-09-19 13:29:02 - com.jobs.helper - removing expired login tokens
2024-09-19 13:29:03 - com.jobs.helper - removing expired login tokens
2024-09-19 13:29:04 - com.jobs.helper - removing expired login tokens
2024-09-19 13:29:05 - com.jobs.helper - removing expired login tokens
2024-09-19 13:29:06 - com.jobs.helper - removing expired login tokens
2024-09-19 13:29:07 - com.jobs.helper - removing expired login tokens
2024-09-19 13:29:08 - com.jobs.helper - removing expired login tokens
2024-09-19 13:29:09 - com.jobs.helper - removing expired login tokens
2024-09-19 13:29:10 - com.jobs.helper - removing expired login tokens
2024-09-19 13:29:11 - com.jobs.helper - removing expired login tokens
2024-09-19 13:29:12 - com.jobs.helper - removing expired login tokens
2024-09-19 13:29:13 - com.jobs.helper - removing expired login tokens
2024-09-19 13:29:14 - com.jobs.helper - removing expired login tokens
2024-09-19 13:29:15 - com.jobs.helper - removing expired login tokens
2024-09-19 13:29:16 - com.jobs.helper - removing expired login tokens
2024-09-19 13:29:17 - com.jobs.helper - removing expired login tokens
2024-09-19 13:29:18 - com.jobs.helper - removing expired login tokens
2024-09-19 13:29:19 - com.jobs.helper - removing expired login tokens
2024-09-19 13:29:20 - com.jobs.helper - removing expired login tokens
2024-09-19 13:29:21 - com.jobs.helper - removing expired login tokens
2024-09-19 13:29:22 - com.jobs.helper - removing expired login tokens
2024-09-19 13:29:23 - com.jobs.helper - removing expired login tokens
2024-09-19 13:29:24 - com.jobs.helper - removing expired login tokens
2024-09-19 13:29:25 - com.jobs.helper - removing expired login tokens
2024-09-19 13:29:26 - com.jobs.helper - removing expired login tokens
2024-09-19 13:29:27 - com.jobs.helper - removing expired login tokens
2024-09-19 13:29:28 - com.jobs.helper - removing expired login tokens
2024-09-19 13:29:28 - com.jobs.helper - preparing to send verification email to pitisok742@asaud.com
2024-09-19 13:29:29 - com.jobs.helper - removing expired login tokens
2024-09-19 13:29:30 - com.jobs.helper - removing expired login tokens
2024-09-19 13:29:31 - com.jobs.helper - removing expired login tokens
2024-09-19 13:29:32 - com.jobs.helper - removing expired login tokens
2024-09-19 13:29:33 - com.jobs.helper - removing expired login tokens
2024-09-19 13:29:33 - com.jobs.helper - verification email sent to pitisok742@asaud.com
2024-09-19 13:29:34 - com.jobs.helper - removing expired login tokens
2024-09-19 13:29:35 - com.jobs.helper - removing expired login tokens
2024-09-19 13:29:36 - com.jobs.helper - removing expired login tokens
2024-09-19 13:29:37 - com.jobs.helper - removing expired login tokens
2024-09-19 13:29:38 - com.jobs.helper - removing expired login tokens
2024-09-19 13:29:39 - com.jobs.helper - removing expired login tokens
2024-09-19 13:29:40 - com.jobs.helper - removing expired login tokens
2024-09-19 13:29:41 - com.jobs.helper - removing expired login tokens
2024-09-19 13:29:42 - com.jobs.helper - removing expired login tokens
2024-09-19 13:29:43 - com.jobs.helper - removing expired login tokens
2024-09-19 13:29:44 - com.jobs.helper - removing expired login tokens
2024-09-19 13:29:45 - com.jobs.helper - removing expired login tokens
2024-09-19 13:29:46 - com.jobs.helper - removing expired login tokens
2024-09-19 13:29:47 - com.jobs.helper - removing expired login tokens
2024-09-19 13:29:48 - com.jobs.helper - removing expired login tokens
2024-09-19 13:29:49 - com.jobs.helper - removing expired login tokens
2024-09-19 13:29:50 - com.jobs.helper - removing expired login tokens
2024-09-19 13:29:51 - com.jobs.helper - removing expired login tokens
2024-09-19 13:29:52 - com.jobs.helper - removing expired login tokens
2024-09-19 13:29:53 - com.jobs.helper - removing expired login tokens
2024-09-19 13:29:54 - com.jobs.helper - removing expired login tokens
2024-09-19 13:29:55 - com.jobs.helper - removing expired login tokens
2024-09-19 13:29:56 - com.jobs.helper - removing expired login tokens
2024-09-19 13:29:57 - com.jobs.helper - removing expired login tokens
2024-09-19 13:29:58 - com.jobs.helper - removing expired login tokens
2024-09-19 13:29:59 - com.jobs.helper - removing expired login tokens
2024-09-19 13:30:00 - com.jobs.helper - removing expired login tokens
2024-09-19 13:30:01 - com.jobs.helper - removing expired login tokens
2024-09-19 13:30:02 - com.jobs.helper - removing expired login tokens
2024-09-19 13:30:03 - com.jobs.helper - removing expired login tokens
2024-09-19 13:30:04 - com.jobs.helper - removing expired login tokens
2024-09-19 13:30:05 - com.jobs.helper - removing expired login tokens
2024-09-19 13:30:06 - com.jobs.helper - removing expired login tokens
2024-09-19 13:30:07 - com.jobs.helper - removing expired login tokens
2024-09-19 13:30:08 - com.jobs.helper - removing expired login tokens
2024-09-19 13:30:09 - com.jobs.helper - removing expired login tokens
2024-09-19 13:30:10 - com.jobs.helper - removing expired login tokens
2024-09-19 13:30:11 - com.jobs.helper - removing expired login tokens
2024-09-19 13:30:12 - com.jobs.helper - removing expired login tokens
2024-09-19 13:30:13 - com.jobs.helper - removing expired login tokens
2024-09-19 13:30:14 - com.jobs.helper - removing expired login tokens
2024-09-19 13:30:15 - com.jobs.helper - removing expired login tokens
2024-09-19 13:30:16 - com.jobs.helper - removing expired login tokens
2024-09-19 13:30:17 - com.jobs.helper - removing expired login tokens
2024-09-19 13:30:18 - com.jobs.helper - removing expired login tokens
2024-09-19 13:30:19 - com.jobs.helper - removing expired login tokens
2024-09-19 13:30:20 - com.jobs.helper - removing expired login tokens
2024-09-19 13:30:21 - com.jobs.helper - removing expired login tokens
2024-09-19 13:30:22 - com.jobs.helper - removing expired login tokens
2024-09-19 13:30:23 - com.jobs.helper - removing expired login tokens
2024-09-19 13:30:24 - com.jobs.helper - removing expired login tokens
2024-09-19 13:30:25 - com.jobs.helper - removing expired login tokens
2024-09-19 13:30:26 - com.jobs.helper - removing expired login tokens
2024-09-19 13:30:27 - com.jobs.helper - removing expired login tokens
2024-09-19 13:30:28 - com.jobs.helper - removing expired login tokens
2024-09-19 13:30:29 - com.jobs.helper - removing expired login tokens
2024-09-19 13:30:30 - com.jobs.helper - removing expired login tokens
2024-09-19 13:30:31 - com.jobs.helper - removing expired login tokens
2024-09-19 13:30:32 - com.jobs.helper - removing expired login tokens
2024-09-19 13:30:33 - com.jobs.helper - removing expired login tokens
2024-09-19 13:30:34 - com.jobs.helper - removing expired login tokens
2024-09-19 13:30:35 - com.jobs.helper - removing expired login tokens
2024-09-19 13:30:36 - com.jobs.helper - removing expired login tokens
2024-09-19 13:30:37 - com.jobs.helper - removing expired login tokens
2024-09-19 13:30:38 - com.jobs.helper - removing expired login tokens
2024-09-19 13:30:39 - com.jobs.helper - removing expired login tokens
2024-09-19 13:30:40 - com.jobs.helper - removing expired login tokens
2024-09-19 13:30:41 - com.jobs.helper - removing expired login tokens
2024-09-19 13:30:42 - com.jobs.helper - removing expired login tokens
2024-09-19 13:30:43 - com.jobs.helper - removing expired login tokens
2024-09-19 13:30:44 - com.jobs.helper - removing expired login tokens
2024-09-19 13:30:45 - com.jobs.helper - removing expired login tokens
2024-09-19 13:30:46 - com.jobs.helper - removing expired login tokens
2024-09-19 13:30:47 - com.jobs.helper - removing expired login tokens
2024-09-19 13:30:48 - com.jobs.helper - removing expired login tokens
2024-09-19 13:30:49 - com.jobs.helper - removing expired login tokens
2024-09-19 13:30:50 - com.jobs.helper - removing expired login tokens
2024-09-19 13:30:51 - com.jobs.helper - removing expired login tokens
2024-09-19 13:30:52 - com.jobs.helper - removing expired login tokens
2024-09-19 13:30:53 - com.jobs.helper - removing expired login tokens
2024-09-19 13:30:54 - com.jobs.helper - removing expired login tokens
2024-09-19 13:30:55 - com.jobs.helper - removing expired login tokens
2024-09-19 13:30:56 - com.jobs.helper - removing expired login tokens
2024-09-19 13:30:57 - com.jobs.helper - removing expired login tokens
2024-09-19 13:30:58 - com.jobs.helper - removing expired login tokens
2024-09-19 13:30:59 - com.jobs.helper - removing expired login tokens
2024-09-19 13:31:00 - com.jobs.helper - removing expired login tokens
2024-09-19 13:31:01 - com.jobs.helper - removing expired login tokens
2024-09-19 13:31:02 - com.jobs.helper - removing expired login tokens
2024-09-19 13:31:03 - com.jobs.helper - removing expired login tokens
2024-09-19 13:31:04 - com.jobs.helper - removing expired login tokens
2024-09-19 13:31:05 - com.jobs.helper - removing expired login tokens
2024-09-19 13:31:06 - com.jobs.helper - removing expired login tokens
2024-09-19 13:31:07 - com.jobs.helper - removing expired login tokens
2024-09-19 13:31:08 - com.jobs.helper - removing expired login tokens
2024-09-19 13:31:09 - com.jobs.helper - removing expired login tokens
2024-09-19 13:31:10 - com.jobs.helper - removing expired login tokens
2024-09-19 13:31:11 - com.jobs.helper - removing expired login tokens
2024-09-19 13:31:12 - com.jobs.helper - removing expired login tokens
2024-09-19 13:31:13 - com.jobs.helper - removing expired login tokens
2024-09-19 13:31:14 - com.jobs.helper - removing expired login tokens
2024-09-19 13:31:15 - com.jobs.helper - removing expired login tokens
2024-09-19 13:31:16 - com.jobs.helper - removing expired login tokens
2024-09-19 13:31:17 - com.jobs.helper - removing expired login tokens
2024-09-19 13:31:18 - com.jobs.helper - removing expired login tokens
2024-09-19 13:31:19 - com.jobs.helper - removing expired login tokens
2024-09-19 13:31:20 - com.jobs.helper - removing expired login tokens
2024-09-19 13:31:21 - com.jobs.helper - removing expired login tokens
2024-09-19 13:31:22 - com.jobs.helper - removing expired login tokens
2024-09-19 13:31:23 - com.jobs.helper - removing expired login tokens
2024-09-19 13:31:24 - com.jobs.helper - removing expired login tokens
2024-09-19 13:31:25 - com.jobs.helper - removing expired login tokens
2024-09-19 13:31:26 - com.jobs.helper - removing expired login tokens
2024-09-19 13:31:27 - com.jobs.helper - removing expired login tokens
2024-09-19 13:31:28 - com.jobs.helper - removing expired login tokens
2024-09-19 13:31:29 - com.jobs.helper - removing expired login tokens
2024-09-19 13:31:30 - com.jobs.helper - removing expired login tokens
2024-09-19 13:31:31 - com.jobs.helper - removing expired login tokens
2024-09-19 13:31:32 - com.jobs.helper - removing expired login tokens
2024-09-19 13:31:33 - com.jobs.helper - removing expired login tokens
2024-09-19 13:31:34 - com.jobs.helper - removing expired login tokens
2024-09-19 13:31:35 - com.jobs.helper - removing expired login tokens
2024-09-19 13:31:36 - com.jobs.helper - removing expired login tokens
2024-09-19 13:31:37 - com.jobs.helper - removing expired login tokens
2024-09-19 13:31:38 - com.jobs.helper - removing expired login tokens
2024-09-19 13:31:39 - com.jobs.helper - removing expired login tokens
2024-09-19 13:31:40 - com.jobs.helper - removing expired login tokens
2024-09-19 13:31:41 - com.jobs.helper - removing expired login tokens
2024-09-19 13:31:42 - com.jobs.helper - removing expired login tokens
2024-09-19 13:31:43 - com.jobs.helper - removing expired login tokens
2024-09-19 13:31:44 - com.jobs.helper - removing expired login tokens
2024-09-19 13:31:45 - com.jobs.helper - removing expired login tokens
2024-09-19 13:31:46 - com.jobs.helper - removing expired login tokens
2024-09-19 13:31:47 - com.jobs.helper - removing expired login tokens
2024-09-19 13:31:48 - com.jobs.helper - removing expired login tokens
2024-09-19 13:31:49 - com.jobs.helper - removing expired login tokens
2024-09-19 13:31:50 - com.jobs.helper - removing expired login tokens
2024-09-19 13:31:51 - com.jobs.helper - removing expired login tokens
2024-09-19 13:31:52 - com.jobs.helper - removing expired login tokens
2024-09-19 13:31:53 - com.jobs.helper - removing expired login tokens
2024-09-19 13:31:54 - com.jobs.helper - removing expired login tokens
2024-09-19 13:31:55 - com.jobs.helper - removing expired login tokens
2024-09-19 13:31:56 - com.jobs.helper - removing expired login tokens
2024-09-19 13:31:57 - com.jobs.helper - removing expired login tokens
2024-09-19 13:31:58 - com.jobs.helper - removing expired login tokens
2024-09-19 13:31:59 - com.jobs.helper - removing expired login tokens
2024-09-19 13:32:00 - com.jobs.helper - removing expired login tokens
2024-09-19 13:32:01 - com.jobs.helper - removing expired login tokens
2024-09-19 13:32:02 - com.jobs.helper - removing expired login tokens
2024-09-19 13:32:03 - com.jobs.helper - removing expired login tokens
2024-09-19 13:32:04 - com.jobs.helper - removing expired login tokens
2024-09-19 13:32:05 - com.jobs.helper - removing expired login tokens
2024-09-19 13:32:06 - com.jobs.helper - removing expired login tokens
2024-09-19 13:32:07 - com.jobs.helper - removing expired login tokens
2024-09-19 13:32:08 - com.jobs.helper - removing expired login tokens
2024-09-19 13:32:09 - com.jobs.helper - removing expired login tokens
2024-09-19 13:32:10 - com.jobs.helper - removing expired login tokens
2024-09-19 13:32:11 - com.jobs.helper - removing expired login tokens
2024-09-19 13:32:12 - com.jobs.helper - removing expired login tokens
2024-09-19 13:32:13 - com.jobs.helper - removing expired login tokens
2024-09-19 13:32:14 - com.jobs.helper - removing expired login tokens
2024-09-19 13:32:15 - com.jobs.helper - removing expired login tokens
2024-09-19 13:32:16 - com.jobs.helper - removing expired login tokens
2024-09-19 13:32:17 - com.jobs.helper - removing expired login tokens
2024-09-19 13:32:18 - com.jobs.helper - removing expired login tokens
2024-09-19 13:32:19 - com.jobs.helper - removing expired login tokens
2024-09-19 13:32:20 - com.jobs.helper - removing expired login tokens
2024-09-19 13:32:21 - com.jobs.helper - removing expired login tokens
2024-09-19 13:32:22 - com.jobs.helper - removing expired login tokens
2024-09-19 13:32:23 - com.jobs.helper - removing expired login tokens
2024-09-19 13:32:24 - com.jobs.helper - removing expired login tokens
2024-09-19 13:32:25 - com.jobs.helper - removing expired login tokens
2024-09-19 13:32:26 - com.jobs.helper - removing expired login tokens
2024-09-19 13:32:27 - com.jobs.helper - removing expired login tokens
2024-09-19 13:32:28 - com.jobs.helper - removing expired login tokens
2024-09-19 13:32:29 - com.jobs.helper - removing expired login tokens
2024-09-19 13:32:30 - com.jobs.helper - removing expired login tokens
2024-09-19 13:32:31 - com.jobs.helper - removing expired login tokens
2024-09-19 13:32:32 - com.jobs.helper - removing expired login tokens
2024-09-19 13:32:33 - com.jobs.helper - removing expired login tokens
2024-09-19 13:32:34 - com.jobs.helper - removing expired login tokens
2024-09-19 13:32:35 - com.jobs.helper - removing expired login tokens
2024-09-19 13:32:36 - com.jobs.helper - removing expired login tokens
2024-09-19 13:32:37 - com.jobs.helper - removing expired login tokens
2024-09-19 13:32:38 - com.jobs.helper - removing expired login tokens
2024-09-19 13:32:39 - com.jobs.helper - removing expired login tokens
2024-09-19 13:32:40 - com.jobs.helper - removing expired login tokens
2024-09-19 13:32:41 - com.jobs.helper - removing expired login tokens
2024-09-19 13:32:42 - com.jobs.helper - removing expired login tokens
2024-09-19 13:32:43 - com.jobs.helper - removing expired login tokens
2024-09-19 13:32:44 - com.jobs.helper - removing expired login tokens
2024-09-19 13:32:45 - com.jobs.helper - removing expired login tokens
2024-09-19 13:32:46 - com.jobs.helper - removing expired login tokens
2024-09-19 13:32:47 - com.jobs.helper - removing expired login tokens
2024-09-19 13:32:48 - com.jobs.helper - removing expired login tokens
2024-09-19 13:32:49 - com.jobs.helper - removing expired login tokens
2024-09-19 13:32:50 - com.jobs.helper - removing expired login tokens
2024-09-19 13:32:51 - com.jobs.helper - removing expired login tokens
2024-09-19 13:32:52 - com.jobs.helper - removing expired login tokens
2024-09-19 13:32:53 - com.jobs.helper - removing expired login tokens
2024-09-19 13:32:54 - com.jobs.helper - removing expired login tokens
2024-09-19 13:32:55 - com.jobs.helper - removing expired login tokens
2024-09-19 13:32:56 - com.jobs.helper - removing expired login tokens
2024-09-19 13:32:57 - com.jobs.helper - removing expired login tokens
2024-09-19 13:32:58 - com.jobs.helper - removing expired login tokens
2024-09-19 13:32:59 - com.jobs.helper - removing expired login tokens
2024-09-19 13:33:00 - com.jobs.helper - removing expired login tokens
2024-09-19 13:33:01 - com.jobs.helper - removing expired login tokens
2024-09-19 13:33:02 - com.jobs.helper - removing expired login tokens
2024-09-19 13:33:03 - com.jobs.helper - removing expired login tokens
2024-09-19 13:33:04 - com.jobs.helper - removing expired login tokens
2024-09-19 13:33:05 - com.jobs.helper - removing expired login tokens
2024-09-19 13:33:06 - com.jobs.helper - removing expired login tokens
2024-09-19 13:33:07 - com.jobs.helper - removing expired login tokens
2024-09-19 13:33:08 - com.jobs.helper - removing expired login tokens
2024-09-19 13:33:09 - com.jobs.helper - removing expired login tokens
2024-09-19 13:33:10 - com.jobs.helper - removing expired login tokens
2024-09-19 13:33:11 - com.jobs.helper - removing expired login tokens
2024-09-19 13:33:12 - com.jobs.helper - removing expired login tokens
2024-09-19 13:33:13 - com.jobs.helper - removing expired login tokens
2024-09-19 13:33:14 - com.jobs.helper - removing expired login tokens
2024-09-19 13:33:15 - com.jobs.helper - removing expired login tokens
2024-09-19 13:33:16 - com.jobs.helper - removing expired login tokens
2024-09-19 13:33:17 - com.jobs.helper - removing expired login tokens
2024-09-19 13:33:18 - com.jobs.helper - removing expired login tokens
2024-09-19 13:33:19 - com.jobs.helper - removing expired login tokens
2024-09-19 13:33:20 - com.jobs.helper - removing expired login tokens
2024-09-19 13:33:21 - com.jobs.helper - removing expired login tokens
2024-09-19 13:33:22 - com.jobs.helper - removing expired login tokens
2024-09-19 13:33:23 - com.jobs.helper - removing expired login tokens
2024-09-19 13:33:24 - com.jobs.helper - removing expired login tokens
2024-09-19 13:33:25 - com.jobs.helper - removing expired login tokens
2024-09-19 13:33:26 - com.jobs.helper - removing expired login tokens
2024-09-19 13:33:27 - com.jobs.helper - removing expired login tokens
2024-09-19 13:33:28 - com.jobs.helper - removing expired login tokens
2024-09-19 13:33:29 - com.jobs.helper - removing expired login tokens
2024-09-19 13:33:30 - com.jobs.helper - removing expired login tokens
2024-09-19 13:33:31 - com.jobs.helper - removing expired login tokens
2024-09-19 13:33:32 - com.jobs.helper - removing expired login tokens
2024-09-19 13:33:33 - com.jobs.helper - removing expired login tokens
2024-09-19 13:33:34 - com.jobs.helper - removing expired login tokens
2024-09-19 13:33:35 - com.jobs.helper - removing expired login tokens
2024-09-19 13:33:36 - com.jobs.helper - removing expired login tokens
2024-09-19 13:33:37 - com.jobs.helper - removing expired login tokens
2024-09-19 13:33:38 - com.jobs.helper - removing expired login tokens
2024-09-19 13:33:39 - com.jobs.helper - removing expired login tokens
2024-09-19 13:33:40 - com.jobs.helper - removing expired login tokens
2024-09-19 13:33:41 - com.jobs.helper - removing expired login tokens
2024-09-19 13:33:42 - com.jobs.helper - removing expired login tokens
2024-09-19 13:33:43 - com.jobs.helper - removing expired login tokens
2024-09-19 13:33:44 - com.jobs.helper - removing expired login tokens
2024-09-19 13:33:45 - com.jobs.helper - removing expired login tokens
2024-09-19 13:33:46 - com.jobs.helper - removing expired login tokens
2024-09-19 13:33:47 - com.jobs.helper - removing expired login tokens
2024-09-19 13:33:48 - com.jobs.helper - removing expired login tokens
2024-09-19 13:33:49 - com.jobs.helper - removing expired login tokens
2024-09-19 13:33:50 - com.jobs.helper - removing expired login tokens
2024-09-19 13:33:51 - com.jobs.helper - removing expired login tokens
2024-09-19 13:33:52 - com.jobs.helper - removing expired login tokens
2024-09-19 13:33:53 - com.jobs.helper - removing expired login tokens
2024-09-19 13:33:54 - com.jobs.helper - removing expired login tokens
2024-09-19 13:33:55 - com.jobs.helper - removing expired login tokens
2024-09-19 13:33:56 - com.jobs.helper - removing expired login tokens
2024-09-19 13:33:57 - com.jobs.helper - removing expired login tokens
2024-09-19 13:33:58 - com.jobs.helper - removing expired login tokens
2024-09-19 13:33:59 - com.jobs.helper - removing expired login tokens
2024-09-19 13:34:00 - com.jobs.helper - removing expired login tokens
2024-09-19 13:34:01 - com.jobs.helper - removing expired login tokens
2024-09-19 13:34:02 - com.jobs.helper - removing expired login tokens
2024-09-19 13:34:03 - com.jobs.helper - removing expired login tokens
2024-09-19 13:34:04 - com.jobs.helper - removing expired login tokens
2024-09-19 13:34:05 - com.jobs.helper - removing expired login tokens
2024-09-19 13:34:06 - com.jobs.helper - removing expired login tokens
2024-09-19 13:34:07 - com.jobs.helper - removing expired login tokens
2024-09-19 13:34:08 - com.jobs.helper - removing expired login tokens
2024-09-19 13:34:09 - com.jobs.helper - removing expired login tokens
2024-09-19 13:34:10 - com.jobs.helper - removing expired login tokens
2024-09-19 13:34:11 - com.jobs.helper - removing expired login tokens
2024-09-19 13:34:12 - com.jobs.helper - removing expired login tokens
2024-09-19 13:34:13 - com.jobs.helper - removing expired login tokens
2024-09-19 13:34:14 - com.jobs.helper - removing expired login tokens
2024-09-19 13:34:15 - com.jobs.helper - removing expired login tokens
2024-09-19 13:34:16 - com.jobs.helper - removing expired login tokens
2024-09-19 13:34:17 - com.jobs.helper - removing expired login tokens
2024-09-19 13:34:18 - com.jobs.helper - removing expired login tokens
2024-09-19 13:34:19 - com.jobs.helper - removing expired login tokens
2024-09-19 13:34:20 - com.jobs.helper - removing expired login tokens
2024-09-19 13:34:20 - o.s.o.j.LocalContainerEntityManagerFactoryBean - Closing JPA EntityManagerFactory for persistence unit 'default'
2024-09-19 13:34:20 - com.zaxxer.hikari.HikariDataSource - HikariPool-1 - Shutdown initiated...
2024-09-19 13:34:20 - com.zaxxer.hikari.HikariDataSource - HikariPool-1 - Shutdown completed.
